SF:lib\src\mixins\re_action_mixin.dart
DA:15,12
DA:18,4
DA:20,8
DA:21,4
DA:25,12
DA:30,4
DA:32,4
DA:33,0
DA:39,4
DA:40,1
DA:46,8
DA:60,4
DA:67,4
DA:68,0
DA:74,4
DA:75,1
DA:81,4
DA:83,8
DA:84,12
DA:91,8
DA:98,4
DA:99,4
DA:100,0
DA:106,8
DA:108,4
DA:114,2
DA:117,4
DA:118,4
DA:119,0
DA:120,0
LF:30
LH:25
end_of_record
SF:lib\src\re_state_action.dart
DA:12,8
DA:13,4
DA:17,2
DA:20,2
DA:21,2
LF:5
LH:5
end_of_record
SF:lib\src\re_state.dart
DA:10,7
DA:11,7
DA:15,4
DA:17,4
DA:18,4
LF:5
LH:5
end_of_record
SF:lib\src\mixins\re_state_mixin.dart
DA:15,18
DA:18,7
DA:20,14
DA:21,7
DA:25,18
DA:28,18
DA:33,6
DA:35,6
DA:36,0
DA:42,6
DA:43,1
DA:49,12
DA:63,6
DA:70,6
DA:71,0
DA:77,6
DA:78,1
DA:84,6
DA:86,12
DA:87,18
DA:95,12
DA:100,6
DA:101,12
DA:103,6
DA:109,4
DA:112,8
DA:113,8
DA:114,0
DA:115,0
LF:29
LH:25
end_of_record
SF:lib\src\re_state_event.dart
DA:13,2
DA:14,1
DA:18,1
DA:21,1
DA:22,1
LF:5
LH:5
end_of_record
SF:lib\src\mixins\re_event_mixin.dart
DA:11,6
DA:14,2
DA:16,4
DA:17,2
DA:33,2
DA:41,2
DA:42,0
DA:48,2
DA:49,1
DA:56,4
DA:57,2
DA:62,4
DA:64,6
DA:65,2
DA:67,4
DA:68,4
DA:76,4
DA:80,2
DA:81,2
DA:82,0
DA:88,2
DA:89,1
DA:95,2
DA:97,4
DA:98,2
DA:104,4
DA:108,2
DA:111,4
LF:28
LH:26
end_of_record
SF:lib\src\re_state_action_event.dart
DA:14,2
DA:15,1
DA:19,1
DA:22,1
DA:23,1
LF:5
LH:5
end_of_record
SF:lib\src\widgets\re_action_listener.dart
DA:12,2
DA:18,2
DA:33,2
DA:34,2
DA:38,6
DA:41,2
DA:43,2
DA:44,6
DA:47,2
DA:49,6
DA:50,2
DA:53,2
DA:54,8
DA:55,6
DA:57,2
DA:60,2
DA:62,4
LF:17
LH:17
end_of_record
SF:lib\src\widgets\re_state_action_widget.dart
DA:20,1
DA:28,1
DA:50,1
DA:52,1
DA:53,1
DA:54,1
DA:55,1
DA:56,1
DA:57,1
DA:58,1
DA:59,1
DA:60,1
LF:12
LH:12
end_of_record
SF:lib\src\widgets\re_state_widget.dart
DA:18,2
DA:24,2
DA:39,2
DA:40,2
DA:47,2
DA:49,2
DA:50,2
DA:51,8
DA:52,8
DA:55,2
DA:57,8
DA:58,2
DA:61,2
DA:62,2
DA:63,2
DA:67,8
DA:68,4
DA:69,2
DA:74,2
DA:76,12
LF:20
LH:20
end_of_record
SF:lib\src\utils\re_subscription_holder.dart
DA:13,4
DA:16,8
LF:2
LH:2
end_of_record
